<?xml version="1.0" encoding="UTF-8"?>
<testng-results ignored="0" total="2" passed="2" failed="0" skipped="0">
  <reporter-output>
  </reporter-output>
  <suite started-at="2023-05-17T12:15:18 BDT" name="Default suite" finished-at="2023-05-17T12:15:24 BDT" duration-ms="6336">
    <groups>
    </groups>
    <test started-at="2023-05-17T12:15:18 BDT" name="Default test" finished-at="2023-05-17T12:15:24 BDT" duration-ms="6336">
      <class name="expotech.Ecommerce.VerifyTitle">
        <test-method is-config="true" signature="setDriver()[pri:0, instance:expotech.Ecommerce.VerifyTitle@7b4c50bc]" started-at="2023-05-17T12:15:17 BDT" name="setDriver" finished-at="2023-05-17T12:15:18 BDT" duration-ms="1423" status="PASS">
          <reporter-output>
          </reporter-output>
        </test-method> <!-- setDriver -->
        <test-method signature="isWebsiteSecured()[pri:1, instance:expotech.Ecommerce.VerifyTitle@7b4c50bc]" started-at="2023-05-17T12:15:18 BDT" name="isWebsiteSecured" finished-at="2023-05-17T12:15:18 BDT" duration-ms="17" status="PASS">
          <reporter-output>
          </reporter-output>
        </test-method> <!-- isWebsiteSecured -->
        <test-method signature="VerifypageTitle()[pri:2, instance:expotech.Ecommerce.VerifyTitle@7b4c50bc]" started-at="2023-05-17T12:15:18 BDT" name="VerifypageTitle" finished-at="2023-05-17T12:15:24 BDT" duration-ms="6296" status="PASS">
          <reporter-output>
          </reporter-output>
        </test-method> <!-- VerifypageTitle -->
        <test-method is-config="true" signature="driverClose()[pri:0, instance:expotech.Ecommerce.VerifyTitle@7b4c50bc]" started-at="2023-05-17T12:15:24 BDT" name="driverClose" finished-at="2023-05-17T12:15:24 BDT" duration-ms="89" status="PASS">
          <reporter-output>
          </reporter-output>
        </test-method> <!-- driverClose -->
      </class> <!-- expotech.Ecommerce.VerifyTitle -->
    </test> <!-- Default test -->
  </suite> <!-- Default suite -->
</testng-results>
